# JRE version: Java(TM) SE Runtime Environment (8.0_112-b15) (build 1.8.0_112-b15)
# Java VM: Java HotSpot(TM) 64-Bit Server VM (25.112-b15 mixed mode linux-amd64 compressed oops)
Heap:
 PSYoungGen      total 66048K, used 36030K [0x000000076ab00000, 0x0000000770c80000, 0x00000007c0000000)
  eden space 59392K, 49% used [0x000000076ab00000,0x000000076c7da1c8,0x000000076e500000)
  from space 6656K, 97% used [0x000000076e500000,0x000000076eb55680,0x000000076eb80000)
  to   space 19968K, 0% used [0x000000076f900000,0x000000076f900000,0x0000000770c80000)
 ParOldGen       total 175616K, used 57561K [0x00000006c0000000, 0x00000006cab80000, 0x000000076ab00000)
  object space 175616K, 32% used [0x00000006c0000000,0x00000006c3836600,0x00000006cab80000)
 Metaspace       used 97398K, capacity 106172K, committed 106368K, reserved 1140736K
  class space    used 11781K, capacity 14368K, committed 14464K, reserved 1048576K
GC Heap History (10 events):
Event: 3976.575 GC heap before
{Heap before GC invocations=47 (full 4):
 PSYoungGen      total 82944K, used 61690K [0x000000076ab00000, 0x0000000771600000, 0x00000007c0000000)
  eden space 58368K, 100% used [0x000000076ab00000,0x000000076e400000,0x000000076e400000)
  from space 24576K, 13% used [0x000000076fe00000,0x000000077013e8f8,0x0000000771600000)
  to   space 25600K, 0% used [0x000000076e400000,0x000000076e400000,0x000000076fd00000)
 ParOldGen       total 175616K, used 57545K [0x00000006c0000000, 0x00000006cab80000, 0x000000076ab00000)
  object space 175616K, 32% used [0x00000006c0000000,0x00000006c3832600,0x00000006cab80000)
 Metaspace       used 91728K, capacity 99846K, committed 100096K, reserved 1136640K
  class space    used 10875K, capacity 13282K, committed 13312K, reserved 1048576K
Event: 3976.598 GC heap after
Heap after GC invocations=47 (full 4):
 PSYoungGen      total 83968K, used 3151K [0x000000076ab00000, 0x0000000771580000, 0x00000007c0000000)
  eden space 58368K, 0% used [0x000000076ab00000,0x000000076ab00000,0x000000076e400000)
  from space 25600K, 12% used [0x000000076e400000,0x000000076e713e40,0x000000076fd00000)
  to   space 25088K, 0% used [0x000000076fd00000,0x000000076fd00000,0x0000000771580000)
 ParOldGen       total 175616K, used 57545K [0x00000006c0000000, 0x00000006cab80000, 0x000000076ab00000)
  object space 175616K, 32% used [0x00000006c0000000,0x00000006c3832600,0x00000006cab80000)
 Metaspace       used 91728K, capacity 99846K, committed 100096K, reserved 1136640K
  class space    used 10875K, capacity 13282K, committed 13312K, reserved 1048576K
}
Event: 4046.933 GC heap before
{Heap before GC invocations=48 (full 4):
 PSYoungGen      total 83968K, used 61519K [0x000000076ab00000, 0x0000000771580000, 0x00000007c0000000)
  eden space 58368K, 100% used [0x000000076ab00000,0x000000076e400000,0x000000076e400000)
  from space 25600K, 12% used [0x000000076e400000,0x000000076e713e40,0x000000076fd00000)
  to   space 25088K, 0% used [0x000000076fd00000,0x000000076fd00000,0x0000000771580000)
 ParOldGen       total 175616K, used 57545K [0x00000006c0000000, 0x00000006cab80000, 0x000000076ab00000)
  object space 175616K, 32% used [0x00000006c0000000,0x00000006c3832600,0x00000006cab80000)
 Metaspace       used 92521K, capacity 100966K, committed 101120K, reserved 1136640K
  class space    used 11015K, capacity 13556K, committed 13568K, reserved 1048576K
Event: 4046.944 GC heap after
Heap after GC invocations=48 (full 4):
 PSYoungGen      total 81920K, used 3822K [0x000000076ab00000, 0x0000000771380000, 0x00000007c0000000)
  eden space 58880K, 0% used [0x000000076ab00000,0x000000076ab00000,0x000000076e480000)
  from space 23040K, 16% used [0x000000076fd00000,0x00000007700bba50,0x0000000771380000)
  to   space 24064K, 0% used [0x000000076e480000,0x000000076e480000,0x000000076fc00000)
 ParOldGen       total 175616K, used 57545K [0x00000006c0000000, 0x00000006cab80000, 0x000000076ab00000)
  object space 175616K, 32% used [0x00000006c0000000,0x00000006c3832600,0x00000006cab80000)
 Metaspace       used 92521K, capacity 100966K, committed 101120K, reserved 1136640K
  class space    used 11015K, capacity 13556K, committed 13568K, reserved 1048576K
}
Event: 4057.111 GC heap before
{Heap before GC invocations=49 (full 4):
 PSYoungGen      total 81920K, used 62702K [0x000000076ab00000, 0x0000000771380000, 0x00000007c0000000)
  eden space 58880K, 100% used [0x000000076ab00000,0x000000076e480000,0x000000076e480000)
  from space 23040K, 16% used [0x000000076fd00000,0x00000007700bba50,0x0000000771380000)
  to   space 24064K, 0% used [0x000000076e480000,0x000000076e480000,0x000000076fc00000)
 ParOldGen       total 175616K, used 57545K [0x00000006c0000000, 0x00000006cab80000, 0x000000076ab00000)
  object space 175616K, 32% used [0x00000006c0000000,0x00000006c3832600,0x00000006cab80000)
 Metaspace       used 92776K, capacity 101154K, committed 101504K, reserved 1136640K
  class space    used 11049K, capacity 13596K, committed 13696K, reserved 1048576K
Event: 4057.124 GC heap after
Heap after GC invocations=49 (full 4):
 PSYoungGen      total 64000K, used 4726K [0x000000076ab00000, 0x0000000771100000, 0x00000007c0000000)
  eden space 58880K, 0% used [0x000000076ab00000,0x000000076ab00000,0x000000076e480000)
  from space 5120K, 92% used [0x000000076e480000,0x000000076e91d828,0x000000076e980000)
  to   space 22528K, 0% used [0x000000076fb00000,0x000000076fb00000,0x0000000771100000)
 ParOldGen       total 175616K, used 57545K [0x00000006c0000000, 0x00000006cab80000, 0x000000076ab00000)
  object space 175616K, 32% used [0x00000006c0000000,0x00000006c3832600,0x00000006cab80000)
 Metaspace       used 92776K, capacity 101154K, committed 101504K, reserved 1136640K
  class space    used 11049K, capacity 13596K, committed 13696K, reserved 1048576K
}
Event: 4103.749 GC heap before
{Heap before GC invocations=50 (full 4):
 PSYoungGen      total 64000K, used 63606K [0x000000076ab00000, 0x0000000771100000, 0x00000007c0000000)
  eden space 58880K, 100% used [0x000000076ab00000,0x000000076e480000,0x000000076e480000)
  from space 5120K, 92% used [0x000000076e480000,0x000000076e91d828,0x000000076e980000)
  to   space 22528K, 0% used [0x000000076fb00000,0x000000076fb00000,0x0000000771100000)
 ParOldGen       total 175616K, used 57545K [0x00000006c0000000, 0x00000006cab80000, 0x000000076ab00000)
  object space 175616K, 32% used [0x00000006c0000000,0x00000006c3832600,0x00000006cab80000)
 Metaspace       used 94447K, capacity 103248K, committed 103552K, reserved 1138688K
  class space    used 11291K, capacity 13909K, committed 13952K, reserved 1048576K
Event: 4103.763 GC heap after
Heap after GC invocations=50 (full 4):
 PSYoungGen      total 79872K, used 7370K [0x000000076ab00000, 0x0000000770f00000, 0x00000007c0000000)
  eden space 59392K, 0% used [0x000000076ab00000,0x000000076ab00000,0x000000076e500000)
  from space 20480K, 35% used [0x000000076fb00000,0x0000000770232b18,0x0000000770f00000)
  to   space 21504K, 0% used [0x000000076e500000,0x000000076e500000,0x000000076fa00000)
 ParOldGen       total 175616K, used 57553K [0x00000006c0000000, 0x00000006cab80000, 0x000000076ab00000)
  object space 175616K, 32% used [0x00000006c0000000,0x00000006c3834600,0x00000006cab80000)
 Metaspace       used 94447K, capacity 103248K, committed 103552K, reserved 1138688K
  class space    used 11291K, capacity 13909K, committed 13952K, reserved 1048576K
}
Event: 4130.160 GC heap before
{Heap before GC invocations=51 (full 4):
 PSYoungGen      total 79872K, used 66762K [0x000000076ab00000, 0x0000000770f00000, 0x00000007c0000000)
  eden space 59392K, 100% used [0x000000076ab00000,0x000000076e500000,0x000000076e500000)
  from space 20480K, 35% used [0x000000076fb00000,0x0000000770232b18,0x0000000770f00000)
  to   space 21504K, 0% used [0x000000076e500000,0x000000076e500000,0x000000076fa00000)
 ParOldGen       total 175616K, used 57553K [0x00000006c0000000, 0x00000006cab80000, 0x000000076ab00000)
  object space 175616K, 32% used [0x00000006c0000000,0x00000006c3834600,0x00000006cab80000)
 Metaspace       used 94620K, capacity 103426K, committed 103552K, reserved 1138688K
  class space    used 11313K, capacity 13944K, committed 13952K, reserved 1048576K
Event: 4130.181 GC heap after
Heap after GC invocations=51 (full 4):
 PSYoungGen      total 66048K, used 6485K [0x000000076ab00000, 0x0000000770c80000, 0x00000007c0000000)
  eden space 59392K, 0% used [0x000000076ab00000,0x000000076ab00000,0x000000076e500000)
  from space 6656K, 97% used [0x000000076e500000,0x000000076eb55680,0x000000076eb80000)
  to   space 19968K, 0% used [0x000000076f900000,0x000000076f900000,0x0000000770c80000)
 ParOldGen       total 175616K, used 57561K [0x00000006c0000000, 0x00000006cab80000, 0x000000076ab00000)
  object space 175616K, 32% used [0x00000006c0000000,0x00000006c3836600,0x00000006cab80000)
 Metaspace       used 94620K, capacity 103426K, committed 103552K, reserved 1138688K
  class space    used 11313K, capacity 13944K, committed 13952K, reserved 1048576K
}

